2023-05-27T13:39:48+00:00 DEBUG Tt4b_Pixel_Class::inject_view_content_event: hit injectViewContentEvent
2023-05-27T13:39:48+00:00 DEBUG Tt4b_Pixel_Class::inject_view_content_event: Missing option "access_token"
2023-05-27T13:40:14+00:00 DEBUG Tt4b_Pixel_Class::inject_view_content_event: hit injectViewContentEvent
2023-05-27T13:40:14+00:00 DEBUG Tt4b_Pixel_Class::inject_view_content_event: Missing option "access_token"
2023-05-27T13:40:26+00:00 DEBUG Tt4b_Pixel_Class::inject_view_content_event: hit injectViewContentEvent
2023-05-27T13:40:26+00:00 DEBUG Tt4b_Pixel_Class::inject_view_content_event: Missing option "access_token"
2023-05-27T13:59:42+00:00 DEBUG Tt4b_Pixel_Class::inject_view_content_event: hit injectViewContentEvent
2023-05-27T13:59:42+00:00 DEBUG Tt4b_Pixel_Class::inject_view_content_event: Missing option "access_token"
2023-05-27T14:00:02+00:00 DEBUG Tt4b_Pixel_Class::inject_view_content_event: hit injectViewContentEvent
2023-05-27T14:00:02+00:00 DEBUG Tt4b_Pixel_Class::inject_view_content_event: Missing option "access_token"
2023-05-27T14:02:04+00:00 DEBUG Tt4b_Pixel_Class::inject_start_checkout: hit injectStartCheckout
2023-05-27T14:02:04+00:00 DEBUG Tt4b_Pixel_Class::inject_start_checkout: Missing option "access_token"
2023-05-27T14:08:41+00:00 DEBUG tt4b_product_sync: missing access token for tt4b_product_sync
2023-05-27T14:09:15+00:00 DEBUG tt4b_product_sync: missing access token for tt4b_product_sync
2023-05-27T14:15:34+00:00 DEBUG tt4b_product_sync: missing access token for tt4b_product_sync
2023-05-27T14:15:34+00:00 DEBUG tt4b_product_sync: missing access token for tt4b_product_sync
2023-05-27T14:15:35+00:00 DEBUG tt4b_product_sync: missing access token for tt4b_product_sync
2023-05-27T14:15:35+00:00 DEBUG tt4b_product_sync: missing access token for tt4b_product_sync
2023-05-27T14:15:35+00:00 DEBUG tt4b_product_sync: missing access token for tt4b_product_sync
2023-05-27T14:15:35+00:00 DEBUG tt4b_product_sync: missing access token for tt4b_product_sync
2023-05-27T14:15:35+00:00 DEBUG tt4b_product_sync: missing access token for tt4b_product_sync
2023-05-27T14:15:36+00:00 DEBUG tt4b_product_sync: missing access token for tt4b_product_sync
2023-05-27T14:15:36+00:00 DEBUG tt4b_product_sync: missing access token for tt4b_product_sync
2023-05-27T14:15:36+00:00 DEBUG tt4b_product_sync: missing access token for tt4b_product_sync
2023-05-27T14:15:36+00:00 DEBUG tt4b_product_sync: missing access token for tt4b_product_sync
2023-05-27T14:15:37+00:00 DEBUG tt4b_product_sync: missing access token for tt4b_product_sync
2023-05-27T14:15:37+00:00 DEBUG tt4b_product_sync: missing access token for tt4b_product_sync
2023-05-27T14:15:37+00:00 DEBUG tt4b_product_sync: missing access token for tt4b_product_sync
2023-05-27T14:15:37+00:00 DEBUG tt4b_product_sync: missing access token for tt4b_product_sync
2023-05-27T14:15:37+00:00 DEBUG tt4b_product_sync: missing access token for tt4b_product_sync
2023-05-27T14:15:37+00:00 DEBUG tt4b_product_sync: missing access token for tt4b_product_sync
2023-05-27T14:15:38+00:00 DEBUG tt4b_product_sync: missing access token for tt4b_product_sync
2023-05-27T14:15:38+00:00 DEBUG tt4b_product_sync: missing access token for tt4b_product_sync
2023-05-27T14:15:38+00:00 DEBUG tt4b_product_sync: missing access token for tt4b_product_sync
2023-05-27T14:21:13+00:00 DEBUG tt4b_product_sync: missing access token for tt4b_product_sync
2023-05-27T14:21:59+00:00 DEBUG tt4b_product_sync: missing access token for tt4b_product_sync
2023-05-27T14:23:49+00:00 DEBUG tt4b_product_sync: missing access token for tt4b_product_sync
2023-05-27T14:23:57+00:00 DEBUG tt4b_product_sync: missing access token for tt4b_product_sync
2023-05-27T14:24:07+00:00 DEBUG tt4b_product_sync: missing access token for tt4b_product_sync
2023-05-27T14:25:05+00:00 DEBUG tt4b_product_sync: missing access token for tt4b_product_sync
2023-05-27T14:28:37+00:00 DEBUG tt4b_product_sync: missing access token for tt4b_product_sync
2023-05-27T14:29:01+00:00 DEBUG tt4b_product_sync: missing access token for tt4b_product_sync
2023-05-27T14:29:01+00:00 DEBUG tt4b_product_delete: missing access token for tt4b_product_sync
2023-05-27T14:31:19+00:00 DEBUG tt4b_product_sync: missing access token for tt4b_product_sync
2023-05-27T14:32:00+00:00 DEBUG tt4b_product_sync: missing access token for tt4b_product_sync
2023-05-27T14:32:19+00:00 DEBUG tt4b_product_sync: missing access token for tt4b_product_sync
2023-05-27T14:34:21+00:00 DEBUG tt4b_product_sync: missing access token for tt4b_product_sync
2023-05-27T14:34:37+00:00 DEBUG tt4b_product_sync: missing access token for tt4b_product_sync
2023-05-27T14:36:30+00:00 DEBUG Tt4b_Pixel_Class::inject_view_content_event: hit injectViewContentEvent
2023-05-27T14:36:30+00:00 DEBUG Tt4b_Pixel_Class::inject_view_content_event: Missing option "access_token"
2023-05-27T14:36:35+00:00 DEBUG Tt4b_Pixel_Class::inject_view_content_event: hit injectViewContentEvent
2023-05-27T14:36:35+00:00 DEBUG Tt4b_Pixel_Class::inject_view_content_event: Missing option "access_token"
2023-05-27T14:37:04+00:00 DEBUG Tt4b_Pixel_Class::inject_view_content_event: hit injectViewContentEvent
2023-05-27T14:37:04+00:00 DEBUG Tt4b_Pixel_Class::inject_view_content_event: Missing option "access_token"
2023-05-27T14:38:09+00:00 DEBUG tt4b_product_sync: missing access token for tt4b_product_sync
2023-05-27T14:38:30+00:00 DEBUG Tt4b_Pixel_Class::inject_view_content_event: hit injectViewContentEvent
2023-05-27T14:38:30+00:00 DEBUG Tt4b_Pixel_Class::inject_view_content_event: Missing option "access_token"
2023-05-27T14:38:36+00:00 DEBUG Tt4b_Pixel_Class::inject_view_content_event: hit injectViewContentEvent
2023-05-27T14:38:36+00:00 DEBUG Tt4b_Pixel_Class::inject_view_content_event: Missing option "access_token"
2023-05-27T14:39:27+00:00 DEBUG tt4b_product_sync: missing access token for tt4b_product_sync
2023-05-27T14:41:06+00:00 DEBUG tt4b_product_sync: missing access token for tt4b_product_sync
2023-05-27T14:42:13+00:00 DEBUG tt4b_product_sync: missing access token for tt4b_product_sync
2023-05-27T14:46:00+00:00 DEBUG tt4b_product_sync: missing access token for tt4b_product_sync
2023-05-27T14:52:08+00:00 DEBUG tt4b_product_sync: missing access token for tt4b_product_sync
2023-05-27T14:52:25+00:00 DEBUG Tt4b_Pixel_Class::inject_view_content_event: hit injectViewContentEvent
2023-05-27T14:52:25+00:00 DEBUG Tt4b_Pixel_Class::inject_view_content_event: Missing option "access_token"
2023-05-27T14:53:14+00:00 DEBUG tt4b_product_sync: missing access token for tt4b_product_sync
2023-05-27T14:53:31+00:00 DEBUG tt4b_product_sync: missing access token for tt4b_product_sync
2023-05-27T14:55:32+00:00 DEBUG tt4b_product_sync: missing access token for tt4b_product_sync
2023-05-27T14:56:03+00:00 DEBUG tt4b_product_sync: missing access token for tt4b_product_sync
2023-05-27T14:56:52+00:00 DEBUG Tt4b_Pixel_Class::inject_view_content_event: hit injectViewContentEvent
2023-05-27T14:56:52+00:00 DEBUG Tt4b_Pixel_Class::inject_view_content_event: Missing option "access_token"
2023-05-27T14:58:05+00:00 DEBUG tt4b_product_sync: missing access token for tt4b_product_sync
2023-05-27T14:58:16+00:00 DEBUG tt4b_product_sync: missing access token for tt4b_product_sync
2023-05-27T15:00:16+00:00 DEBUG tt4b_product_sync: missing access token for tt4b_product_sync
2023-05-27T15:01:15+00:00 DEBUG tt4b_product_sync: missing access token for tt4b_product_sync
2023-05-27T15:01:30+00:00 DEBUG Tt4b_Pixel_Class::inject_view_content_event: hit injectViewContentEvent
2023-05-27T15:01:30+00:00 DEBUG Tt4b_Pixel_Class::inject_view_content_event: Missing option "access_token"
2023-05-27T15:01:40+00:00 DEBUG tt4b_product_sync: missing access token for tt4b_product_sync
2023-05-27T15:02:14+00:00 DEBUG tt4b_product_sync: missing access token for tt4b_product_sync
2023-05-27T15:02:27+00:00 DEBUG tt4b_product_sync: missing access token for tt4b_product_sync
2023-05-27T15:02:27+00:00 DEBUG tt4b_product_delete: missing access token for tt4b_product_sync
2023-05-27T15:02:35+00:00 DEBUG Tt4b_Pixel_Class::inject_view_content_event: hit injectViewContentEvent
2023-05-27T15:02:35+00:00 DEBUG Tt4b_Pixel_Class::inject_view_content_event: Missing option "access_token"
2023-05-27T15:02:52+00:00 DEBUG tt4b_product_sync: missing access token for tt4b_product_sync
2023-05-27T15:03:25+00:00 DEBUG tt4b_product_sync: missing access token for tt4b_product_sync
2023-05-27T15:05:32+00:00 DEBUG Tt4b_Pixel_Class::inject_view_content_event: hit injectViewContentEvent
2023-05-27T15:05:32+00:00 DEBUG Tt4b_Pixel_Class::inject_view_content_event: Missing option "access_token"
2023-05-27T15:06:20+00:00 DEBUG tt4b_product_sync: missing access token for tt4b_product_sync
2023-05-27T15:06:31+00:00 DEBUG tt4b_product_sync: missing access token for tt4b_product_sync
2023-05-27T15:07:25+00:00 DEBUG tt4b_product_sync: missing access token for tt4b_product_sync
2023-05-27T15:09:49+00:00 DEBUG tt4b_product_sync: missing access token for tt4b_product_sync
2023-05-27T15:10:05+00:00 DEBUG tt4b_product_sync: missing access token for tt4b_product_sync
2023-05-27T15:12:04+00:00 DEBUG tt4b_product_sync: missing access token for tt4b_product_sync
2023-05-27T15:13:09+00:00 DEBUG tt4b_product_sync: missing access token for tt4b_product_sync
2023-05-27T15:13:27+00:00 DEBUG Tt4b_Pixel_Class::inject_view_content_event: hit injectViewContentEvent
2023-05-27T15:13:27+00:00 DEBUG Tt4b_Pixel_Class::inject_view_content_event: Missing option "access_token"
2023-05-27T15:13:44+00:00 DEBUG tt4b_product_sync: missing access token for tt4b_product_sync
2023-05-27T15:13:56+00:00 DEBUG tt4b_product_sync: missing access token for tt4b_product_sync
2023-05-27T15:15:01+00:00 DEBUG tt4b_product_sync: missing access token for tt4b_product_sync
2023-05-27T15:15:13+00:00 DEBUG tt4b_product_sync: missing access token for tt4b_product_sync
2023-05-27T15:16:06+00:00 DEBUG tt4b_product_sync: missing access token for tt4b_product_sync
2023-05-27T15:16:48+00:00 DEBUG tt4b_product_sync: missing access token for tt4b_product_sync
2023-05-27T15:17:53+00:00 DEBUG tt4b_product_sync: missing access token for tt4b_product_sync
2023-05-27T15:19:22+00:00 DEBUG tt4b_product_sync: missing access token for tt4b_product_sync
2023-05-27T15:21:05+00:00 DEBUG tt4b_product_sync: missing access token for tt4b_product_sync
2023-05-27T15:21:23+00:00 DEBUG tt4b_product_sync: missing access token for tt4b_product_sync
2023-05-27T15:22:11+00:00 DEBUG tt4b_product_sync: missing access token for tt4b_product_sync
2023-05-27T15:28:01+00:00 DEBUG tt4b_product_sync: missing access token for tt4b_product_sync
2023-05-27T15:29:16+00:00 DEBUG tt4b_product_sync: missing access token for tt4b_product_sync
2023-05-27T15:31:15+00:00 DEBUG tt4b_product_sync: missing access token for tt4b_product_sync
2023-05-27T15:32:17+00:00 DEBUG tt4b_product_sync: missing access token for tt4b_product_sync
2023-05-27T15:33:36+00:00 DEBUG tt4b_product_sync: missing access token for tt4b_product_sync
2023-05-27T15:35:03+00:00 DEBUG tt4b_product_sync: missing access token for tt4b_product_sync
2023-05-27T15:35:29+00:00 DEBUG tt4b_product_sync: missing access token for tt4b_product_sync
2023-05-27T20:02:50+00:00 DEBUG Tt4b_Pixel_Class::inject_view_content_event: hit injectViewContentEvent
2023-05-27T20:02:50+00:00 DEBUG Tt4b_Pixel_Class::inject_view_content_event: Missing option "access_token"
2023-05-27T20:02:55+00:00 DEBUG Tt4b_Pixel_Class::inject_view_content_event: hit injectViewContentEvent
2023-05-27T20:02:55+00:00 DEBUG Tt4b_Pixel_Class::inject_view_content_event: Missing option "access_token"
2023-05-27T20:09:49+00:00 DEBUG tt4b_product_sync: missing access token for tt4b_product_sync
